=== Docker Containers ===
d793b6944279   kong:2.8.1                                                   "/docker-entrypoint.…"   20 minutes ago   Restarting (1) 48 seconds ago                                                                                                                                     kong-akg488sgcg8gcwgk4oswoss0-173529411082
60bcabc3398e   supabase/gotrue:v2.143.0                                     "auth"                   20 minutes ago   Restarting (1) 15 seconds ago                                                                                                                                     auth-akg488sgcg8gcwgk4oswoss0-173529387280
b9f4137d634d   supabase/realtime:v2.25.50                                   "/usr/bin/tini -s -g…"   20 minutes ago   Restarting (1) 59 seconds ago                                                                                                                                     realtime-akg488sgcg8gcwgk4oswoss0-173529399818
c87fa9b74fcd   postgrest/postgrest:v11.2.2                                  "/bin/postgrest"         20 minutes ago   Restarting (1) 17 seconds ago                                                                                                                                     rest-akg488sgcg8gcwgk4oswoss0-173529397937
d8c71bd96316   postgres:15-alpine                                           "docker-entrypoint.s…"   20 minutes ago   Up 20 minutes (healthy)         5432/tcp                                                                                                                          postgres-akg488sgcg8gcwgk4oswoss0-173529372497
f7bb6c166fd8   kong:2.8.1                                                   "/docker-entrypoint.…"   56 minutes ago   Created                                                                                                                                                           kong-kgoow4cckoowwwwosgossosk-165934767121
c183a7ba92c3   postgrest/postgrest:v11.2.2                                  "/bin/postgrest"         56 minutes ago   Created                                                                                                                                                           rest-kgoow4cckoowwwwosgossosk-165934754999
b166a7aecd22   supabase/gotrue:v2.143.0                                     "auth"                   56 minutes ago   Created                                                                                                                                                           auth-kgoow4cckoowwwwosgossosk-165934745047
5bcaa353ff56   supabase/realtime:v2.25.50                                   "/usr/bin/tini -s -g…"   56 minutes ago   Created                                                                                                                                                           realtime-kgoow4cckoowwwwosgossosk-165934756521
1995bf75586c   postgres:15-alpine                                           "docker-entrypoint.s…"   56 minutes ago   Up 56 minutes (healthy)         5432/tcp                                                                                                                          postgres-kgoow4cckoowwwwosgossosk-165934730648
358b78bdacfb   ghcr.io/coollabsio/coolify-realtime:1.0.9                    "/bin/sh /soketi-ent…"   4 hours ago      Up 4 hours (healthy)            0.0.0.0:6001-6002->6001-6002/tcp, [::]:6001-6002->6001-6002/tcp                                                                   coolify-realtime
03fb4ec94f60   postgres:15-alpine                                           "docker-entrypoint.s…"   4 hours ago      Up 4 hours (healthy)            5432/tcp                                                                                                                          coolify-db
815b511765b6   postgres:latest                                              "docker-entrypoint.s…"   7 months ago     Exited (0) 5 months ago                                                                                                                                           postgres

=== Coolify Proxy Logs ===
[90m2025-08-09T17:58:34Z[0m [1m[31mERR[0m[0m [36merror=[0m[31m"service \"realtime-akg488sgcg8gcwgk4oswoss0\" error: unable to find the IP address for the container \"/realtime-akg488sgcg8gcwgk4oswoss0-173529399818\": the server is ignored"[0m [36mcontainer=[0mrealtime-akg488sgcg8gcwgk4oswoss0-b9f4137d634df467c48ecd5a423341a1aadeb31df38c68ebd98de37dac425ef3 [36mproviderName=[0mdocker
[90m2025-08-09T17:58:35Z[0m [1m[31mERR[0m[0m [36merror=[0m[31m"service \"auth-akg488sgcg8gcwgk4oswoss0\" error: unable to find the IP address for the container \"/auth-akg488sgcg8gcwgk4oswoss0-173529387280\": the server is ignored"[0m [36mcontainer=[0mauth-akg488sgcg8gcwgk4oswoss0-60bcabc3398ed69a93702989cd3246e58eb9d996154aa9f2c56735409337fd57 [36mproviderName=[0mdocker
[90m2025-08-09T17:58:35Z[0m [1m[31mERR[0m[0m [36merror=[0m[31m"service \"storage-akg488sgcg8gcwgk4oswoss0\" error: unable to find the IP address for the container \"/storage-akg488sgcg8gcwgk4oswoss0-173529405279\": the server is ignored"[0m [36mcontainer=[0mstorage-akg488sgcg8gcwgk4oswoss0-20d0a02e81448ab40227a31b77425cfd9f8e69f920a536815760b5761fe1cb23 [36mproviderName=[0mdocker
[90m2025-08-09T17:58:35Z[0m [1m[31mERR[0m[0m [36merror=[0m[31m"service \"realtime-akg488sgcg8gcwgk4oswoss0\" error: unable to find the IP address for the container \"/realtime-akg488sgcg8gcwgk4oswoss0-173529399818\": the server is ignored"[0m [36mcontainer=[0mrealtime-akg488sgcg8gcwgk4oswoss0-b9f4137d634df467c48ecd5a423341a1aadeb31df38c68ebd98de37dac425ef3 [36mproviderName=[0mdocker
[90m2025-08-09T17:59:08Z[0m [1m[31mERR[0m[0m [36merror=[0m[31m"service \"auth-akg488sgcg8gcwgk4oswoss0\" error: unable to find the IP address for the container \"/auth-akg488sgcg8gcwgk4oswoss0-173529387280\": the server is ignored"[0m [36mcontainer=[0mauth-akg488sgcg8gcwgk4oswoss0-60bcabc3398ed69a93702989cd3246e58eb9d996154aa9f2c56735409337fd57 [36mproviderName=[0mdocker
[90m2025-08-09T17:59:08Z[0m [1m[31mERR[0m[0m [36merror=[0m[31m"service \"storage-akg488sgcg8gcwgk4oswoss0\" error: unable to find the IP address for the container \"/storage-akg488sgcg8gcwgk4oswoss0-173529405279\": the server is ignored"[0m [36mcontainer=[0mstorage-akg488sgcg8gcwgk4oswoss0-20d0a02e81448ab40227a31b77425cfd9f8e69f920a536815760b5761fe1cb23 [36mproviderName=[0mdocker
[90m2025-08-09T17:59:08Z[0m [1m[31mERR[0m[0m [36merror=[0m[31m"service \"realtime-akg488sgcg8gcwgk4oswoss0\" error: unable to find the IP address for the container \"/realtime-akg488sgcg8gcwgk4oswoss0-173529399818\": the server is ignored"[0m [36mcontainer=[0mrealtime-akg488sgcg8gcwgk4oswoss0-b9f4137d634df467c48ecd5a423341a1aadeb31df38c68ebd98de37dac425ef3 [36mproviderName=[0mdocker
[90m2025-08-09T17:59:08Z[0m [1m[31mERR[0m[0m [36merror=[0m[31m"service \"auth-akg488sgcg8gcwgk4oswoss0\" error: unable to find the IP address for the container \"/auth-akg488sgcg8gcwgk4oswoss0-173529387280\": the server is ignored"[0m [36mcontainer=[0mauth-akg488sgcg8gcwgk4oswoss0-60bcabc3398ed69a93702989cd3246e58eb9d996154aa9f2c56735409337fd57 [36mproviderName=[0mdocker
[90m2025-08-09T17:59:08Z[0m [1m[31mERR[0m[0m [36merror=[0m[31m"service \"storage-akg488sgcg8gcwgk4oswoss0\" error: unable to find the IP address for the container \"/storage-akg488sgcg8gcwgk4oswoss0-173529405279\": the server is ignored"[0m [36mcontainer=[0mstorage-akg488sgcg8gcwgk4oswoss0-20d0a02e81448ab40227a31b77425cfd9f8e69f920a536815760b5761fe1cb23 [36mproviderName=[0mdocker
[90m2025-08-09T17:59:08Z[0m [1m[31mERR[0m[0m [36merror=[0m[31m"service \"realtime-akg488sgcg8gcwgk4oswoss0\" error: unable to find the IP address for the container \"/realtime-akg488sgcg8gcwgk4oswoss0-173529399818\": the server is ignored"[0m [36mcontainer=[0mrealtime-akg488sgcg8gcwgk4oswoss0-b9f4137d634df467c48ecd5a423341a1aadeb31df38c68ebd98de37dac425ef3 [36mproviderName=[0mdocker
[90m2025-08-09T17:59:09Z[0m [1m[31mERR[0m[0m [36merror=[0m[31m"service \"auth-akg488sgcg8gcwgk4oswoss0\" error: port is missing"[0m [36mcontainer=[0mauth-akg488sgcg8gcwgk4oswoss0-60bcabc3398ed69a93702989cd3246e58eb9d996154aa9f2c56735409337fd57 [36mproviderName=[0mdocker
[90m2025-08-09T17:59:09Z[0m [1m[31mERR[0m[0m [36merror=[0m[31m"service \"storage-akg488sgcg8gcwgk4oswoss0\" error: unable to find the IP address for the container \"/storage-akg488sgcg8gcwgk4oswoss0-173529405279\": the server is ignored"[0m [36mcontainer=[0mstorage-akg488sgcg8gcwgk4oswoss0-20d0a02e81448ab40227a31b77425cfd9f8e69f920a536815760b5761fe1cb23 [36mproviderName=[0mdocker
[90m2025-08-09T17:59:09Z[0m [1m[31mERR[0m[0m [36merror=[0m[31m"service \"realtime-akg488sgcg8gcwgk4oswoss0\" error: unable to find the IP address for the container \"/realtime-akg488sgcg8gcwgk4oswoss0-173529399818\": the server is ignored"[0m [36mcontainer=[0mrealtime-akg488sgcg8gcwgk4oswoss0-b9f4137d634df467c48ecd5a423341a1aadeb31df38c68ebd98de37dac425ef3 [36mproviderName=[0mdocker
[90m2025-08-09T17:59:10Z[0m [1m[31mERR[0m[0m [36merror=[0m[31m"service \"auth-akg488sgcg8gcwgk4oswoss0\" error: unable to find the IP address for the container \"/auth-akg488sgcg8gcwgk4oswoss0-173529387280\": the server is ignored"[0m [36mcontainer=[0mauth-akg488sgcg8gcwgk4oswoss0-60bcabc3398ed69a93702989cd3246e58eb9d996154aa9f2c56735409337fd57 [36mproviderName=[0mdocker
[90m2025-08-09T17:59:10Z[0m [1m[31mERR[0m[0m [36merror=[0m[31m"service \"storage-akg488sgcg8gcwgk4oswoss0\" error: unable to find the IP address for the container \"/storage-akg488sgcg8gcwgk4oswoss0-173529405279\": the server is ignored"[0m [36mcontainer=[0mstorage-akg488sgcg8gcwgk4oswoss0-20d0a02e81448ab40227a31b77425cfd9f8e69f920a536815760b5761fe1cb23 [36mproviderName=[0mdocker
[90m2025-08-09T17:59:10Z[0m [1m[31mERR[0m[0m [36merror=[0m[31m"service \"realtime-akg488sgcg8gcwgk4oswoss0\" error: unable to find the IP address for the container \"/realtime-akg488sgcg8gcwgk4oswoss0-173529399818\": the server is ignored"[0m [36mcontainer=[0mrealtime-akg488sgcg8gcwgk4oswoss0-b9f4137d634df467c48ecd5a423341a1aadeb31df38c68ebd98de37dac425ef3 [36mproviderName=[0mdocker
[90m2025-08-09T17:59:21Z[0m [1m[31mERR[0m[0m [36merror=[0m[31m"service \"auth-akg488sgcg8gcwgk4oswoss0\" error: unable to find the IP address for the container \"/auth-akg488sgcg8gcwgk4oswoss0-173529387280\": the server is ignored"[0m [36mcontainer=[0mauth-akg488sgcg8gcwgk4oswoss0-60bcabc3398ed69a93702989cd3246e58eb9d996154aa9f2c56735409337fd57 [36mproviderName=[0mdocker
[90m2025-08-09T17:59:21Z[0m [1m[31mERR[0m[0m [36merror=[0m[31m"service \"realtime-akg488sgcg8gcwgk4oswoss0\" error: unable to find the IP address for the container \"/realtime-akg488sgcg8gcwgk4oswoss0-173529399818\": the server is ignored"[0m [36mcontainer=[0mrealtime-akg488sgcg8gcwgk4oswoss0-b9f4137d634df467c48ecd5a423341a1aadeb31df38c68ebd98de37dac425ef3 [36mproviderName=[0mdocker
[90m2025-08-09T17:59:22Z[0m [1m[31mERR[0m[0m [36merror=[0m[31m"service \"auth-akg488sgcg8gcwgk4oswoss0\" error: unable to find the IP address for the container \"/auth-akg488sgcg8gcwgk4oswoss0-173529387280\": the server is ignored"[0m [36mcontainer=[0mauth-akg488sgcg8gcwgk4oswoss0-60bcabc3398ed69a93702989cd3246e58eb9d996154aa9f2c56735409337fd57 [36mproviderName=[0mdocker
[90m2025-08-09T17:59:22Z[0m [1m[31mERR[0m[0m [36merror=[0m[31m"service \"storage-akg488sgcg8gcwgk4oswoss0\" error: unable to find the IP address for the container \"/storage-akg488sgcg8gcwgk4oswoss0-173529405279\": the server is ignored"[0m [36mcontainer=[0mstorage-akg488sgcg8gcwgk4oswoss0-20d0a02e81448ab40227a31b77425cfd9f8e69f920a536815760b5761fe1cb23 [36mproviderName=[0mdocker
[90m2025-08-09T17:59:22Z[0m [1m[31mERR[0m[0m [36merror=[0m[31m"service \"realtime-akg488sgcg8gcwgk4oswoss0\" error: unable to find the IP address for the container \"/realtime-akg488sgcg8gcwgk4oswoss0-173529399818\": the server is ignored"[0m [36mcontainer=[0mrealtime-akg488sgcg8gcwgk4oswoss0-b9f4137d634df467c48ecd5a423341a1aadeb31df38c68ebd98de37dac425ef3 [36mproviderName=[0mdocker
[90m2025-08-09T17:59:25Z[0m [1m[31mERR[0m[0m [36merror=[0m[31m"service \"auth-akg488sgcg8gcwgk4oswoss0\" error: unable to find the IP address for the container \"/auth-akg488sgcg8gcwgk4oswoss0-173529387280\": the server is ignored"[0m [36mcontainer=[0mauth-akg488sgcg8gcwgk4oswoss0-60bcabc3398ed69a93702989cd3246e58eb9d996154aa9f2c56735409337fd57 [36mproviderName=[0mdocker
[90m2025-08-09T17:59:25Z[0m [1m[31mERR[0m[0m [36merror=[0m[31m"service \"storage-akg488sgcg8gcwgk4oswoss0\" error: unable to find the IP address for the container \"/storage-akg488sgcg8gcwgk4oswoss0-173529405279\": the server is ignored"[0m [36mcontainer=[0mstorage-akg488sgcg8gcwgk4oswoss0-20d0a02e81448ab40227a31b77425cfd9f8e69f920a536815760b5761fe1cb23 [36mproviderName=[0mdocker
[90m2025-08-09T17:59:25Z[0m [1m[31mERR[0m[0m [36merror=[0m[31m"service \"realtime-akg488sgcg8gcwgk4oswoss0\" error: port is missing"[0m [36mcontainer=[0mrealtime-akg488sgcg8gcwgk4oswoss0-b9f4137d634df467c48ecd5a423341a1aadeb31df38c68ebd98de37dac425ef3 [36mproviderName=[0mdocker
[90m2025-08-09T17:59:26Z[0m [1m[31mERR[0m[0m [36merror=[0m[31m"service \"auth-akg488sgcg8gcwgk4oswoss0\" error: unable to find the IP address for the container \"/auth-akg488sgcg8gcwgk4oswoss0-173529387280\": the server is ignored"[0m [36mcontainer=[0mauth-akg488sgcg8gcwgk4oswoss0-60bcabc3398ed69a93702989cd3246e58eb9d996154aa9f2c56735409337fd57 [36mproviderName=[0mdocker
[90m2025-08-09T17:59:26Z[0m [1m[31mERR[0m[0m [36merror=[0m[31m"service \"storage-akg488sgcg8gcwgk4oswoss0\" error: unable to find the IP address for the container \"/storage-akg488sgcg8gcwgk4oswoss0-173529405279\": the server is ignored"[0m [36mcontainer=[0mstorage-akg488sgcg8gcwgk4oswoss0-20d0a02e81448ab40227a31b77425cfd9f8e69f920a536815760b5761fe1cb23 [36mproviderName=[0mdocker
[90m2025-08-09T17:59:26Z[0m [1m[31mERR[0m[0m [36merror=[0m[31m"service \"realtime-akg488sgcg8gcwgk4oswoss0\" error: unable to find the IP address for the container \"/realtime-akg488sgcg8gcwgk4oswoss0-173529399818\": the server is ignored"[0m [36mcontainer=[0mrealtime-akg488sgcg8gcwgk4oswoss0-b9f4137d634df467c48ecd5a423341a1aadeb31df38c68ebd98de37dac425ef3 [36mproviderName=[0mdocker
[90m2025-08-09T17:59:35Z[0m [1m[31mERR[0m[0m [36merror=[0m[31m"service \"auth-akg488sgcg8gcwgk4oswoss0\" error: unable to find the IP address for the container \"/auth-akg488sgcg8gcwgk4oswoss0-173529387280\": the server is ignored"[0m [36mcontainer=[0mauth-akg488sgcg8gcwgk4oswoss0-60bcabc3398ed69a93702989cd3246e58eb9d996154aa9f2c56735409337fd57 [36mproviderName=[0mdocker
[90m2025-08-09T17:59:35Z[0m [1m[31mERR[0m[0m [36merror=[0m[31m"service \"storage-akg488sgcg8gcwgk4oswoss0\" error: unable to find the IP address for the container \"/storage-akg488sgcg8gcwgk4oswoss0-173529405279\": the server is ignored"[0m [36mcontainer=[0mstorage-akg488sgcg8gcwgk4oswoss0-20d0a02e81448ab40227a31b77425cfd9f8e69f920a536815760b5761fe1cb23 [36mproviderName=[0mdocker
[90m2025-08-09T17:59:35Z[0m [1m[31mERR[0m[0m [36merror=[0m[31m"service \"realtime-akg488sgcg8gcwgk4oswoss0\" error: unable to find the IP address for the container \"/realtime-akg488sgcg8gcwgk4oswoss0-173529399818\": the server is ignored"[0m [36mcontainer=[0mrealtime-akg488sgcg8gcwgk4oswoss0-b9f4137d634df467c48ecd5a423341a1aadeb31df38c68ebd98de37dac425ef3 [36mproviderName=[0mdocker
[90m2025-08-09T17:59:38Z[0m [1m[31mERR[0m[0m [36merror=[0m[31m"service \"auth-akg488sgcg8gcwgk4oswoss0\" error: unable to find the IP address for the container \"/auth-akg488sgcg8gcwgk4oswoss0-173529387280\": the server is ignored"[0m [36mcontainer=[0mauth-akg488sgcg8gcwgk4oswoss0-60bcabc3398ed69a93702989cd3246e58eb9d996154aa9f2c56735409337fd57 [36mproviderName=[0mdocker
[90m2025-08-09T17:59:38Z[0m [1m[31mERR[0m[0m [36merror=[0m[31m"service \"storage-akg488sgcg8gcwgk4oswoss0\" error: unable to find the IP address for the container \"/storage-akg488sgcg8gcwgk4oswoss0-173529405279\": the server is ignored"[0m [36mcontainer=[0mstorage-akg488sgcg8gcwgk4oswoss0-20d0a02e81448ab40227a31b77425cfd9f8e69f920a536815760b5761fe1cb23 [36mproviderName=[0mdocker
[90m2025-08-09T17:59:38Z[0m [1m[31mERR[0m[0m [36merror=[0m[31m"service \"realtime-akg488sgcg8gcwgk4oswoss0\" error: unable to find the IP address for the container \"/realtime-akg488sgcg8gcwgk4oswoss0-173529399818\": the server is ignored"[0m [36mcontainer=[0mrealtime-akg488sgcg8gcwgk4oswoss0-b9f4137d634df467c48ecd5a423341a1aadeb31df38c68ebd98de37dac425ef3 [36mproviderName=[0mdocker
[90m2025-08-09T18:00:08Z[0m [1m[31mERR[0m[0m [36merror=[0m[31m"service \"auth-akg488sgcg8gcwgk4oswoss0\" error: unable to find the IP address for the container \"/auth-akg488sgcg8gcwgk4oswoss0-173529387280\": the server is ignored"[0m [36mcontainer=[0mauth-akg488sgcg8gcwgk4oswoss0-60bcabc3398ed69a93702989cd3246e58eb9d996154aa9f2c56735409337fd57 [36mproviderName=[0mdocker
[90m2025-08-09T18:00:08Z[0m [1m[31mERR[0m[0m [36merror=[0m[31m"service \"storage-akg488sgcg8gcwgk4oswoss0\" error: unable to find the IP address for the container \"/storage-akg488sgcg8gcwgk4oswoss0-173529405279\": the server is ignored"[0m [36mcontainer=[0mstorage-akg488sgcg8gcwgk4oswoss0-20d0a02e81448ab40227a31b77425cfd9f8e69f920a536815760b5761fe1cb23 [36mproviderName=[0mdocker
[90m2025-08-09T18:00:08Z[0m [1m[31mERR[0m[0m [36merror=[0m[31m"service \"realtime-akg488sgcg8gcwgk4oswoss0\" error: unable to find the IP address for the container \"/realtime-akg488sgcg8gcwgk4oswoss0-173529399818\": the server is ignored"[0m [36mcontainer=[0mrealtime-akg488sgcg8gcwgk4oswoss0-b9f4137d634df467c48ecd5a423341a1aadeb31df38c68ebd98de37dac425ef3 [36mproviderName=[0mdocker
[90m2025-08-09T18:00:09Z[0m [1m[31mERR[0m[0m [36merror=[0m[31m"service \"auth-akg488sgcg8gcwgk4oswoss0\" error: unable to find the IP address for the container \"/auth-akg488sgcg8gcwgk4oswoss0-173529387280\": the server is ignored"[0m [36mcontainer=[0mauth-akg488sgcg8gcwgk4oswoss0-60bcabc3398ed69a93702989cd3246e58eb9d996154aa9f2c56735409337fd57 [36mproviderName=[0mdocker
[90m2025-08-09T18:00:09Z[0m [1m[31mERR[0m[0m [36merror=[0m[31m"service \"storage-akg488sgcg8gcwgk4oswoss0\" error: unable to find the IP address for the container \"/storage-akg488sgcg8gcwgk4oswoss0-173529405279\": the server is ignored"[0m [36mcontainer=[0mstorage-akg488sgcg8gcwgk4oswoss0-20d0a02e81448ab40227a31b77425cfd9f8e69f920a536815760b5761fe1cb23 [36mproviderName=[0mdocker
[90m2025-08-09T18:00:09Z[0m [1m[31mERR[0m[0m [36merror=[0m[31m"service \"realtime-akg488sgcg8gcwgk4oswoss0\" error: unable to find the IP address for the container \"/realtime-akg488sgcg8gcwgk4oswoss0-173529399818\": the server is ignored"[0m [36mcontainer=[0mrealtime-akg488sgcg8gcwgk4oswoss0-b9f4137d634df467c48ecd5a423341a1aadeb31df38c68ebd98de37dac425ef3 [36mproviderName=[0mdocker
[90m2025-08-09T18:00:10Z[0m [1m[31mERR[0m[0m [36merror=[0m[31m"service \"auth-akg488sgcg8gcwgk4oswoss0\" error: port is missing"[0m [36mcontainer=[0mauth-akg488sgcg8gcwgk4oswoss0-60bcabc3398ed69a93702989cd3246e58eb9d996154aa9f2c56735409337fd57 [36mproviderName=[0mdocker
[90m2025-08-09T18:00:10Z[0m [1m[31mERR[0m[0m [36merror=[0m[31m"service \"storage-akg488sgcg8gcwgk4oswoss0\" error: unable to find the IP address for the container \"/storage-akg488sgcg8gcwgk4oswoss0-173529405279\": the server is ignored"[0m [36mcontainer=[0mstorage-akg488sgcg8gcwgk4oswoss0-20d0a02e81448ab40227a31b77425cfd9f8e69f920a536815760b5761fe1cb23 [36mproviderName=[0mdocker
[90m2025-08-09T18:00:10Z[0m [1m[31mERR[0m[0m [36merror=[0m[31m"service \"realtime-akg488sgcg8gcwgk4oswoss0\" error: unable to find the IP address for the container \"/realtime-akg488sgcg8gcwgk4oswoss0-173529399818\": the server is ignored"[0m [36mcontainer=[0mrealtime-akg488sgcg8gcwgk4oswoss0-b9f4137d634df467c48ecd5a423341a1aadeb31df38c68ebd98de37dac425ef3 [36mproviderName=[0mdocker
[90m2025-08-09T18:00:10Z[0m [1m[31mERR[0m[0m [36merror=[0m[31m"service \"auth-akg488sgcg8gcwgk4oswoss0\" error: unable to find the IP address for the container \"/auth-akg488sgcg8gcwgk4oswoss0-173529387280\": the server is ignored"[0m [36mcontainer=[0mauth-akg488sgcg8gcwgk4oswoss0-60bcabc3398ed69a93702989cd3246e58eb9d996154aa9f2c56735409337fd57 [36mproviderName=[0mdocker
[90m2025-08-09T18:00:10Z[0m [1m[31mERR[0m[0m [36merror=[0m[31m"service \"storage-akg488sgcg8gcwgk4oswoss0\" error: unable to find the IP address for the container \"/storage-akg488sgcg8gcwgk4oswoss0-173529405279\": the server is ignored"[0m [36mcontainer=[0mstorage-akg488sgcg8gcwgk4oswoss0-20d0a02e81448ab40227a31b77425cfd9f8e69f920a536815760b5761fe1cb23 [36mproviderName=[0mdocker
[90m2025-08-09T18:00:10Z[0m [1m[31mERR[0m[0m [36merror=[0m[31m"service \"realtime-akg488sgcg8gcwgk4oswoss0\" error: unable to find the IP address for the container \"/realtime-akg488sgcg8gcwgk4oswoss0-173529399818\": the server is ignored"[0m [36mcontainer=[0mrealtime-akg488sgcg8gcwgk4oswoss0-b9f4137d634df467c48ecd5a423341a1aadeb31df38c68ebd98de37dac425ef3 [36mproviderName=[0mdocker
[90m2025-08-09T18:00:22Z[0m [1m[31mERR[0m[0m [36merror=[0m[31m"service \"auth-akg488sgcg8gcwgk4oswoss0\" error: unable to find the IP address for the container \"/auth-akg488sgcg8gcwgk4oswoss0-173529387280\": the server is ignored"[0m [36mcontainer=[0mauth-akg488sgcg8gcwgk4oswoss0-60bcabc3398ed69a93702989cd3246e58eb9d996154aa9f2c56735409337fd57 [36mproviderName=[0mdocker
[90m2025-08-09T18:00:22Z[0m [1m[31mERR[0m[0m [36merror=[0m[31m"service \"realtime-akg488sgcg8gcwgk4oswoss0\" error: unable to find the IP address for the container \"/realtime-akg488sgcg8gcwgk4oswoss0-173529399818\": the server is ignored"[0m [36mcontainer=[0mrealtime-akg488sgcg8gcwgk4oswoss0-b9f4137d634df467c48ecd5a423341a1aadeb31df38c68ebd98de37dac425ef3 [36mproviderName=[0mdocker
[90m2025-08-09T18:00:23Z[0m [1m[31mERR[0m[0m [36merror=[0m[31m"service \"auth-akg488sgcg8gcwgk4oswoss0\" error: unable to find the IP address for the container \"/auth-akg488sgcg8gcwgk4oswoss0-173529387280\": the server is ignored"[0m [36mcontainer=[0mauth-akg488sgcg8gcwgk4oswoss0-60bcabc3398ed69a93702989cd3246e58eb9d996154aa9f2c56735409337fd57 [36mproviderName=[0mdocker
[90m2025-08-09T18:00:23Z[0m [1m[31mERR[0m[0m [36merror=[0m[31m"service \"storage-akg488sgcg8gcwgk4oswoss0\" error: unable to find the IP address for the container \"/storage-akg488sgcg8gcwgk4oswoss0-173529405279\": the server is ignored"[0m [36mcontainer=[0mstorage-akg488sgcg8gcwgk4oswoss0-20d0a02e81448ab40227a31b77425cfd9f8e69f920a536815760b5761fe1cb23 [36mproviderName=[0mdocker
[90m2025-08-09T18:00:23Z[0m [1m[31mERR[0m[0m [36merror=[0m[31m"service \"realtime-akg488sgcg8gcwgk4oswoss0\" error: unable to find the IP address for the container \"/realtime-akg488sgcg8gcwgk4oswoss0-173529399818\": the server is ignored"[0m [36mcontainer=[0mrealtime-akg488sgcg8gcwgk4oswoss0-b9f4137d634df467c48ecd5a423341a1aadeb31df38c68ebd98de37dac425ef3 [36mproviderName=[0mdocker

=== Application Logs ===
docker: 'docker logs' requires 1 argument

Usage:  docker logs [OPTIONS] CONTAINER

Run 'docker logs --help' for more information

=== Network Check ===
[
    {
        "Name": "coolify",
        "Id": "3e58558d7c15c031a7e8b0bc02abcfd081a4c5db58b47a1645129274a030e4df",
        "Created": "2025-08-09T10:11:04.540966344-04:00",
        "Scope": "local",
        "Driver": "bridge",
        "EnableIPv4": true,
        "EnableIPv6": true,
        "IPAM": {
            "Driver": "default",
            "Options": {},
            "Config": [
                {
                    "Subnet": "10.0.2.0/24",
                    "Gateway": "10.0.2.1"
                },
                {
                    "Subnet": "fd84:c20c:da0a::/64",
                    "Gateway": "fd84:c20c:da0a::1"
                }
            ]
        },
        "Internal": false,
        "Attachable": true,
        "Ingress": false,
        "ConfigFrom": {
            "Network": ""
        },
        "ConfigOnly": false,
        "Containers": {
            "03fb4ec94f60c5383e9969b077a050e37748c72ea273e75cafe693de1f149540": {
                "Name": "coolify-db",
                "EndpointID": "f172a91d1fd194e3b2de445874dd4396f9b8ca08677dfbd7237749cbd953aa3c",
                "MacAddress": "2e:7a:d4:08:67:e3",
                "IPv4Address": "10.0.2.4/24",
                "IPv6Address": "fd84:c20c:da0a::4/64"
            },
            "358b78bdacfb890d9028798e879140a5ead9b9b9571899c51d46a69153efa08f": {
                "Name": "coolify-realtime",
                "EndpointID": "e31376dd61f7d7b3bf96012951b0489e22669fa7e172712cad48ca35733b4207",
                "MacAddress": "b6:69:ec:28:96:54",
                "IPv4Address": "10.0.2.3/24",
                "IPv6Address": "fd84:c20c:da0a::3/64"
            },
            "3ab08498d92aee8c3177b75846b1236d99f06fe1573ff6fc759ac6336c8b3e55": {
                "Name": "qww0c440c0kko0ogkgok0gs8",
                "EndpointID": "5bf18c243b0831a40a8b26c82e336439757cbb98b8807074c35478c0184383ad",
                "MacAddress": "fa:e1:2d:5f:ac:18",
                "IPv4Address": "10.0.2.7/24",
